2025-02-16T16:15:17.342+01:00  WARN 17440 --- [AtmLoggerSpringBootSSO] [HikariPool-17 housekeeper] com.zaxxer.hikari.pool.HikariPool        : HikariPool-17 - Thread starvation or clock leap detected (housekeeper delta=4d19h25m49s431ms876µs700ns).
2025-02-16T20:48:43.598+01:00  INFO 17440 --- [AtmLoggerSpringBootSSO] [File Watcher] rtingClassPathChangeChangedEventListener : Restarting due to 1 class path change (0 additions, 0 deletions, 1 modification)
2025-02-16T20:48:43.831+01:00  INFO 17440 --- [AtmLoggerSpringBootSSO] [Thread-67] j.LocalContainerEntityManagerFactoryBean : Closing JPA EntityManagerFactory for persistence unit 'default'
2025-02-16T20:48:43.897+01:00  INFO 17440 --- [AtmLoggerSpringBootSSO] [Thread-67] com.zaxxer.hikari.HikariDataSource       : HikariPool-17 - Shutdown initiated...
2025-02-16T20:48:43.919+01:00  INFO 17440 --- [AtmLoggerSpringBootSSO] [Thread-67] com.zaxxer.hikari.HikariDataSource       : HikariPool-17 - Shutdown completed.
2025-02-16T20:48:45.244+01:00  INFO 17440 --- [AtmLoggerSpringBootSSO] [restartedMain] c.i.app.AtmIssueLoggerApplication        : Starting AtmIssueLoggerApplication using Java 17.0.5 with PID 17440 (C:\Users\Ikenna Shonowo\Documents\Projects\SpringBoot\AtmLoggerSpringBootSSO\target\classes started by Ikenna Shonowo in C:\Users\Ikenna Shonowo\Documents\Projects\SpringBoot\AtmLoggerSpringBootSSO)
2025-02-16T20:48:45.244+01:00  INFO 17440 --- [AtmLoggerSpringBootSSO] [restartedMain] c.i.app.AtmIssueLoggerApplication        : No active profile set, falling back to 1 default profile: "default"
2025-02-16T20:48:46.084+01:00  INFO 17440 --- [AtmLoggerSpringBootSSO] [restartedMain] .s.d.r.c.RepositoryConfigurationDelegate : Bootstrapping Spring Data JPA repositories in DEFAULT mode.
2025-02-16T20:48:46.104+01:00  INFO 17440 --- [AtmLoggerSpringBootSSO] [restartedMain] .s.d.r.c.RepositoryConfigurationDelegate : Finished Spring Data repository scanning in 20 ms. Found 9 JPA repository interfaces.
2025-02-16T20:48:46.308+01:00  INFO 17440 --- [AtmLoggerSpringBootSSO] [restartedMain] o.s.b.w.embedded.tomcat.TomcatWebServer  : Tomcat initialized with port 9442 (http)
2025-02-16T20:48:46.310+01:00  INFO 17440 --- [AtmLoggerSpringBootSSO] [restartedMain] o.apache.catalina.core.StandardService   : Starting service [Tomcat]
2025-02-16T20:48:46.310+01:00  INFO 17440 --- [AtmLoggerSpringBootSSO] [restartedMain] o.apache.catalina.core.StandardEngine    : Starting Servlet engine: [Apache Tomcat/10.1.20]
2025-02-16T20:48:46.358+01:00  INFO 17440 --- [AtmLoggerSpringBootSSO] [restartedMain] o.a.c.c.C.[Tomcat].[localhost].[/]       : Initializing Spring embedded WebApplicationContext
2025-02-16T20:48:46.358+01:00  INFO 17440 --- [AtmLoggerSpringBootSSO] [restartedMain] w.s.c.ServletWebServerApplicationContext : Root WebApplicationContext: initialization completed in 1112 ms
2025-02-16T20:48:46.478+01:00  INFO 17440 --- [AtmLoggerSpringBootSSO] [restartedMain] com.zaxxer.hikari.HikariDataSource       : HikariPool-18 - Starting...
2025-02-16T20:48:46.590+01:00  INFO 17440 --- [AtmLoggerSpringBootSSO] [restartedMain] com.zaxxer.hikari.pool.HikariPool        : HikariPool-18 - Added connection ConnectionID:500 ClientConnectionId: 7f23b8a4-60c6-4561-8e3f-4a3c41e84b00
2025-02-16T20:48:46.590+01:00  INFO 17440 --- [AtmLoggerSpringBootSSO] [restartedMain] com.zaxxer.hikari.HikariDataSource       : HikariPool-18 - Start completed.
2025-02-16T20:48:46.613+01:00  INFO 17440 --- [AtmLoggerSpringBootSSO] [restartedMain] o.hibernate.jpa.internal.util.LogHelper  : HHH000204: Processing PersistenceUnitInfo [name: default]
2025-02-16T20:48:46.617+01:00  INFO 17440 --- [AtmLoggerSpringBootSSO] [restartedMain] o.h.c.internal.RegionFactoryInitiator    : HHH000026: Second-level cache disabled
2025-02-16T20:48:46.625+01:00  INFO 17440 --- [AtmLoggerSpringBootSSO] [restartedMain] o.s.o.j.p.SpringPersistenceUnitInfo      : No LoadTimeWeaver setup: ignoring JPA class transformer
2025-02-16T20:48:46.626+01:00  WARN 17440 --- [AtmLoggerSpringBootSSO] [restartedMain] org.hibernate.orm.deprecation            : HHH90000025: SQLServerDialect does not need to be specified explicitly using 'hibernate.dialect' (remove the property setting and it will be selected by default)
2025-02-16T20:48:46.715+01:00  INFO 17440 --- [AtmLoggerSpringBootSSO] [restartedMain] o.h.e.t.j.p.i.JtaPlatformInitiator       : HHH000489: No JTA platform available (set 'hibernate.transaction.jta.platform' to enable JTA platform integration)
2025-02-16T20:48:49.452+01:00  INFO 17440 --- [AtmLoggerSpringBootSSO] [restartedMain] j.LocalContainerEntityManagerFactoryBean : Initialized JPA EntityManagerFactory for persistence unit 'default'
2025-02-16T20:48:49.554+01:00  WARN 17440 --- [AtmLoggerSpringBootSSO] [restartedMain] JpaBaseConfiguration$JpaWebConfiguration : spring.jpa.open-in-view is enabled by default. Therefore, database queries may be performed during view rendering. Explicitly configure spring.jpa.open-in-view to disable this warning
2025-02-16T20:48:49.557+01:00  WARN 17440 --- [AtmLoggerSpringBootSSO] [restartedMain] .s.s.UserDetailsServiceAutoConfiguration : 

Using generated security password: 1a7c854a-652a-4ebb-a135-8fd64f173678

This generated password is for development use only. Your security configuration must be updated before running your application in production.

2025-02-16T20:48:49.618+01:00  INFO 17440 --- [AtmLoggerSpringBootSSO] [restartedMain] o.s.s.web.DefaultSecurityFilterChain     : Will secure any request with [org.springframework.security.web.session.DisableEncodeUrlFilter@4e4f97bb, org.springframework.security.web.context.request.async.WebAsyncManagerIntegrationFilter@53ade552, org.springframework.security.web.context.SecurityContextHolderFilter@4c1afbba, org.springframework.security.web.header.HeaderWriterFilter@6d81977e, org.springframework.web.filter.CorsFilter@677cc9a7, org.springframework.security.web.authentication.logout.LogoutFilter@7349ba5f, org.springframework.security.web.authentication.www.BasicAuthenticationFilter@749a1b19, org.springframework.security.web.savedrequest.RequestCacheAwareFilter@2476d03f, org.springframework.security.web.servletapi.SecurityContextHolderAwareRequestFilter@1babd4de, org.springframework.security.web.authentication.AnonymousAuthenticationFilter@431a5482, org.springframework.security.web.access.ExceptionTranslationFilter@f361a9d, org.springframework.security.web.access.intercept.AuthorizationFilter@4a3fdb43]
2025-02-16T20:48:49.672+01:00  INFO 17440 --- [AtmLoggerSpringBootSSO] [restartedMain] o.s.b.d.a.OptionalLiveReloadServer       : LiveReload server is running on port 35729
2025-02-16T20:48:49.686+01:00  INFO 17440 --- [AtmLoggerSpringBootSSO] [restartedMain] o.s.b.w.embedded.tomcat.TomcatWebServer  : Tomcat started on port 9442 (http) with context path ''
2025-02-16T20:48:49.691+01:00  INFO 17440 --- [AtmLoggerSpringBootSSO] [restartedMain] c.i.app.AtmIssueLoggerApplication        : Started AtmIssueLoggerApplication in 4.835 seconds (process running for 777413.89)
2025-02-16T20:48:49.692+01:00  INFO 17440 --- [AtmLoggerSpringBootSSO] [restartedMain] .ConditionEvaluationDeltaLoggingListener : Condition evaluation unchanged
2025-02-16T20:49:05.122+01:00  INFO 17440 --- [AtmLoggerSpringBootSSO] [http-nio-9442-exec-3] o.a.c.c.C.[Tomcat].[localhost].[/]       : Initializing Spring DispatcherServlet 'dispatcherServlet'
2025-02-16T20:49:05.122+01:00  INFO 17440 --- [AtmLoggerSpringBootSSO] [http-nio-9442-exec-3] o.s.web.servlet.DispatcherServlet        : Initializing Servlet 'dispatcherServlet'
2025-02-16T20:49:05.123+01:00  INFO 17440 --- [AtmLoggerSpringBootSSO] [http-nio-9442-exec-3] o.s.web.servlet.DispatcherServlet        : Completed initialization in 1 ms
2025-02-16T20:49:05.180+01:00 ERROR 17440 --- [AtmLoggerSpringBootSSO] [http-nio-9442-exec-3] o.a.c.c.C.[.[.[/].[dispatcherServlet]    : Servlet.service() for servlet [dispatcherServlet] in context with path [] threw exception [Handler dispatch failed: java.lang.Error: Unresolved compilation problem: 
	Type mismatch: cannot convert from Long to String
] with root cause

java.lang.Error: Unresolved compilation problem: 
	Type mismatch: cannot convert from Long to String

	at com.infinity.app.model.VendorContact.getVendorId(VendorContact.java:41) ~[classes/:na]
	at java.base/jdk.internal.reflect.NativeMethodAccessorImpl.invoke0(Native Method) ~[na:na]
	at java.base/jdk.internal.reflect.NativeMethodAccessorImpl.invoke(NativeMethodAccessorImpl.java:77) ~[na:na]
	at java.base/jdk.internal.reflect.DelegatingMethodAccessorImpl.invoke(DelegatingMethodAccessorImpl.java:43) ~[na:na]
	at java.base/java.lang.reflect.Method.invoke(Method.java:568) ~[na:na]
	at com.fasterxml.jackson.databind.ser.BeanPropertyWriter.serializeAsField(BeanPropertyWriter.java:688) ~[jackson-databind-2.15.4.jar:2.15.4]
	at com.fasterxml.jackson.databind.ser.std.BeanSerializerBase.serializeFields(BeanSerializerBase.java:772) ~[jackson-databind-2.15.4.jar:2.15.4]
	at com.fasterxml.jackson.databind.ser.BeanSerializer.serialize(BeanSerializer.java:178) ~[jackson-databind-2.15.4.jar:2.15.4]
	at com.fasterxml.jackson.databind.ser.std.CollectionSerializer.serializeContents(CollectionSerializer.java:145) ~[jackson-databind-2.15.4.jar:2.15.4]
	at com.fasterxml.jackson.databind.ser.std.CollectionSerializer.serialize(CollectionSerializer.java:107) ~[jackson-databind-2.15.4.jar:2.15.4]
	at com.fasterxml.jackson.databind.ser.std.CollectionSerializer.serialize(CollectionSerializer.java:25) ~[jackson-databind-2.15.4.jar:2.15.4]
	at com.fasterxml.jackson.databind.ser.DefaultSerializerProvider._serialize(DefaultSerializerProvider.java:479) ~[jackson-databind-2.15.4.jar:2.15.4]
	at com.fasterxml.jackson.databind.ser.DefaultSerializerProvider.serializeValue(DefaultSerializerProvider.java:399) ~[jackson-databind-2.15.4.jar:2.15.4]
	at com.fasterxml.jackson.databind.ObjectWriter$Prefetch.serialize(ObjectWriter.java:1568) ~[jackson-databind-2.15.4.jar:2.15.4]
	at com.fasterxml.jackson.databind.ObjectWriter.writeValue(ObjectWriter.java:1061) ~[jackson-databind-2.15.4.jar:2.15.4]
	at org.springframework.http.converter.json.AbstractJackson2HttpMessageConverter.writeInternal(AbstractJackson2HttpMessageConverter.java:483) ~[spring-web-6.1.6.jar:6.1.6]
	at org.springframework.http.converter.AbstractGenericHttpMessageConverter.write(AbstractGenericHttpMessageConverter.java:114) ~[spring-web-6.1.6.jar:6.1.6]
	at org.springframework.web.servlet.mvc.method.annotation.AbstractMessageConverterMethodProcessor.writeWithMessageConverters(AbstractMessageConverterMethodProcessor.java:297) ~[spring-webmvc-6.1.6.jar:6.1.6]
	at org.springframework.web.servlet.mvc.method.annotation.HttpEntityMethodProcessor.handleReturnValue(HttpEntityMethodProcessor.java:245) ~[spring-webmvc-6.1.6.jar:6.1.6]
	at org.springframework.web.method.support.HandlerMethodReturnValueHandlerComposite.handleReturnValue(HandlerMethodReturnValueHandlerComposite.java:78) ~[spring-web-6.1.6.jar:6.1.6]
	at org.springframework.web.servlet.mvc.method.annotation.ServletInvocableHandlerMethod.invokeAndHandle(ServletInvocableHandlerMethod.java:136) ~[spring-webmvc-6.1.6.jar:6.1.6]
	at org.springframework.web.servlet.mvc.method.annotation.RequestMappingHandlerAdapter.invokeHandlerMethod(RequestMappingHandlerAdapter.java:926) ~[spring-webmvc-6.1.6.jar:6.1.6]
	at org.springframework.web.servlet.mvc.method.annotation.RequestMappingHandlerAdapter.handleInternal(RequestMappingHandlerAdapter.java:831) ~[spring-webmvc-6.1.6.jar:6.1.6]
	at org.springframework.web.servlet.mvc.method.AbstractHandlerMethodAdapter.handle(AbstractHandlerMethodAdapter.java:87) ~[spring-webmvc-6.1.6.jar:6.1.6]
	at org.springframework.web.servlet.DispatcherServlet.doDispatch(DispatcherServlet.java:1089) ~[spring-webmvc-6.1.6.jar:6.1.6]
	at org.springframework.web.servlet.DispatcherServlet.doService(DispatcherServlet.java:979) ~[spring-webmvc-6.1.6.jar:6.1.6]
	at org.springframework.web.servlet.FrameworkServlet.processRequest(FrameworkServlet.java:1014) ~[spring-webmvc-6.1.6.jar:6.1.6]
	at org.springframework.web.servlet.FrameworkServlet.doGet(FrameworkServlet.java:903) ~[spring-webmvc-6.1.6.jar:6.1.6]
	at jakarta.servlet.http.HttpServlet.service(HttpServlet.java:564) ~[tomcat-embed-core-10.1.20.jar:6.0]
	at org.springframework.web.servlet.FrameworkServlet.service(FrameworkServlet.java:885) ~[spring-webmvc-6.1.6.jar:6.1.6]
	at jakarta.servlet.http.HttpServlet.service(HttpServlet.java:658) ~[tomcat-embed-core-10.1.20.jar:6.0]
	at org.apache.catalina.core.ApplicationFilterChain.internalDoFilter(ApplicationFilterChain.java:206) ~[tomcat-embed-core-10.1.20.jar:10.1.20]
	at org.apache.catalina.core.ApplicationFilterChain.doFilter(ApplicationFilterChain.java:150) ~[tomcat-embed-core-10.1.20.jar:10.1.20]
	at org.apache.tomcat.websocket.server.WsFilter.doFilter(WsFilter.java:51) ~[tomcat-embed-websocket-10.1.20.jar:10.1.20]
	at org.apache.catalina.core.ApplicationFilterChain.internalDoFilter(ApplicationFilterChain.java:175) ~[tomcat-embed-core-10.1.20.jar:10.1.20]
	at org.apache.catalina.core.ApplicationFilterChain.doFilter(ApplicationFilterChain.java:150) ~[tomcat-embed-core-10.1.20.jar:10.1.20]
	at org.springframework.web.filter.CompositeFilter$VirtualFilterChain.doFilter(CompositeFilter.java:108) ~[spring-web-6.1.6.jar:6.1.6]
	at org.springframework.security.web.FilterChainProxy.lambda$doFilterInternal$3(FilterChainProxy.java:231) ~[spring-security-web-6.2.4.jar:6.2.4]
	at org.springframework.security.web.FilterChainProxy$VirtualFilterChain.doFilter(FilterChainProxy.java:365) ~[spring-security-web-6.2.4.jar:6.2.4]
	at org.springframework.security.web.access.intercept.AuthorizationFilter.doFilter(AuthorizationFilter.java:100) ~[spring-security-web-6.2.4.jar:6.2.4]
	at org.springframework.security.web.FilterChainProxy$VirtualFilterChain.doFilter(FilterChainProxy.java:374) ~[spring-security-web-6.2.4.jar:6.2.4]
	at org.springframework.security.web.access.ExceptionTranslationFilter.doFilter(ExceptionTranslationFilter.java:126) ~[spring-security-web-6.2.4.jar:6.2.4]
	at org.springframework.security.web.access.ExceptionTranslationFilter.doFilter(ExceptionTranslationFilter.java:120) ~[spring-security-web-6.2.4.jar:6.2.4]
	at org.springframework.security.web.FilterChainProxy$VirtualFilterChain.doFilter(FilterChainProxy.java:374) ~[spring-security-web-6.2.4.jar:6.2.4]
	at org.springframework.security.web.authentication.AnonymousAuthenticationFilter.doFilter(AnonymousAuthenticationFilter.java:100) ~[spring-security-web-6.2.4.jar:6.2.4]
	at org.springframework.security.web.FilterChainProxy$VirtualFilterChain.doFilter(FilterChainProxy.java:374) ~[spring-security-web-6.2.4.jar:6.2.4]
	at org.springframework.security.web.servletapi.SecurityContextHolderAwareRequestFilter.doFilter(SecurityContextHolderAwareRequestFilter.java:179) ~[spring-security-web-6.2.4.jar:6.2.4]
	at org.springframework.security.web.FilterChainProxy$VirtualFilterChain.doFilter(FilterChainProxy.java:374) ~[spring-security-web-6.2.4.jar:6.2.4]
	at org.springframework.security.web.savedrequest.RequestCacheAwareFilter.doFilter(RequestCacheAwareFilter.java:63) ~[spring-security-web-6.2.4.jar:6.2.4]
	at org.springframework.security.web.FilterChainProxy$VirtualFilterChain.doFilter(FilterChainProxy.java:374) ~[spring-security-web-6.2.4.jar:6.2.4]
	at org.springframework.security.web.authentication.www.BasicAuthenticationFilter.doFilterInternal(BasicAuthenticationFilter.java:181) ~[spring-security-web-6.2.4.jar:6.2.4]
	at org.springframework.web.filter.OncePerRequestFilter.doFilter(OncePerRequestFilter.java:116) ~[spring-web-6.1.6.jar:6.1.6]
	at org.springframework.security.web.FilterChainProxy$VirtualFilterChain.doFilter(FilterChainProxy.java:374) ~[spring-security-web-6.2.4.jar:6.2.4]
	at org.springframework.security.web.authentication.logout.LogoutFilter.doFilter(LogoutFilter.java:107) ~[spring-security-web-6.2.4.jar:6.2.4]
	at org.springframework.security.web.authentication.logout.LogoutFilter.doFilter(LogoutFilter.java:93) ~[spring-security-web-6.2.4.jar:6.2.4]
	at org.springframework.security.web.FilterChainProxy$VirtualFilterChain.doFilter(FilterChainProxy.java:374) ~[spring-security-web-6.2.4.jar:6.2.4]
	at org.springframework.web.filter.CorsFilter.doFilterInternal(CorsFilter.java:91) ~[spring-web-6.1.6.jar:6.1.6]
	at org.springframework.web.filter.OncePerRequestFilter.doFilter(OncePerRequestFilter.java:116) ~[spring-web-6.1.6.jar:6.1.6]
	at org.springframework.security.web.FilterChainProxy$VirtualFilterChain.doFilter(FilterChainProxy.java:374) ~[spring-security-web-6.2.4.jar:6.2.4]
	at org.springframework.security.web.header.HeaderWriterFilter.doHeadersAfter(HeaderWriterFilter.java:90) ~[spring-security-web-6.2.4.jar:6.2.4]
	at org.springframework.security.web.header.HeaderWriterFilter.doFilterInternal(HeaderWriterFilter.java:75) ~[spring-security-web-6.2.4.jar:6.2.4]
	at org.springframework.web.filter.OncePerRequestFilter.doFilter(OncePerRequestFilter.java:116) ~[spring-web-6.1.6.jar:6.1.6]
	at org.springframework.security.web.FilterChainProxy$VirtualFilterChain.doFilter(FilterChainProxy.java:374) ~[spring-security-web-6.2.4.jar:6.2.4]
	at org.springframework.security.web.context.SecurityContextHolderFilter.doFilter(SecurityContextHolderFilter.java:82) ~[spring-security-web-6.2.4.jar:6.2.4]
	at org.springframework.security.web.context.SecurityContextHolderFilter.doFilter(SecurityContextHolderFilter.java:69) ~[spring-security-web-6.2.4.jar:6.2.4]
	at org.springframework.security.web.FilterChainProxy$VirtualFilterChain.doFilter(FilterChainProxy.java:374) ~[spring-security-web-6.2.4.jar:6.2.4]
	at org.springframework.security.web.context.request.async.WebAsyncManagerIntegrationFilter.doFilterInternal(WebAsyncManagerIntegrationFilter.java:62) ~[spring-security-web-6.2.4.jar:6.2.4]
	at org.springframework.web.filter.OncePerRequestFilter.doFilter(OncePerRequestFilter.java:116) ~[spring-web-6.1.6.jar:6.1.6]
	at org.springframework.security.web.FilterChainProxy$VirtualFilterChain.doFilter(FilterChainProxy.java:374) ~[spring-security-web-6.2.4.jar:6.2.4]
	at org.springframework.security.web.session.DisableEncodeUrlFilter.doFilterInternal(DisableEncodeUrlFilter.java:42) ~[spring-security-web-6.2.4.jar:6.2.4]
	at org.springframework.web.filter.OncePerRequestFilter.doFilter(OncePerRequestFilter.java:116) ~[spring-web-6.1.6.jar:6.1.6]
	at org.springframework.security.web.FilterChainProxy$VirtualFilterChain.doFilter(FilterChainProxy.java:374) ~[spring-security-web-6.2.4.jar:6.2.4]
	at org.springframework.security.web.FilterChainProxy.doFilterInternal(FilterChainProxy.java:233) ~[spring-security-web-6.2.4.jar:6.2.4]
	at org.springframework.security.web.FilterChainProxy.doFilter(FilterChainProxy.java:191) ~[spring-security-web-6.2.4.jar:6.2.4]
	at org.springframework.web.filter.CompositeFilter$VirtualFilterChain.doFilter(CompositeFilter.java:113) ~[spring-web-6.1.6.jar:6.1.6]
	at org.springframework.web.servlet.handler.HandlerMappingIntrospector.lambda$createCacheFilter$3(HandlerMappingIntrospector.java:195) ~[spring-webmvc-6.1.6.jar:6.1.6]
	at org.springframework.web.filter.CompositeFilter$VirtualFilterChain.doFilter(CompositeFilter.java:113) ~[spring-web-6.1.6.jar:6.1.6]
	at org.springframework.web.filter.CompositeFilter.doFilter(CompositeFilter.java:74) ~[spring-web-6.1.6.jar:6.1.6]
	at org.springframework.security.config.annotation.web.configuration.WebMvcSecurityConfiguration$CompositeFilterChainProxy.doFilter(WebMvcSecurityConfiguration.java:230) ~[spring-security-config-6.2.4.jar:6.2.4]
	at org.springframework.web.filter.DelegatingFilterProxy.invokeDelegate(DelegatingFilterProxy.java:352) ~[spring-web-6.1.6.jar:6.1.6]
	at org.springframework.web.filter.DelegatingFilterProxy.doFilter(DelegatingFilterProxy.java:268) ~[spring-web-6.1.6.jar:6.1.6]
	at org.apache.catalina.core.ApplicationFilterChain.internalDoFilter(ApplicationFilterChain.java:175) ~[tomcat-embed-core-10.1.20.jar:10.1.20]
	at org.apache.catalina.core.ApplicationFilterChain.doFilter(ApplicationFilterChain.java:150) ~[tomcat-embed-core-10.1.20.jar:10.1.20]
	at org.springframework.web.filter.RequestContextFilter.doFilterInternal(RequestContextFilter.java:100) ~[spring-web-6.1.6.jar:6.1.6]
	at org.springframework.web.filter.OncePerRequestFilter.doFilter(OncePerRequestFilter.java:116) ~[spring-web-6.1.6.jar:6.1.6]
	at org.apache.catalina.core.ApplicationFilterChain.internalDoFilter(ApplicationFilterChain.java:175) ~[tomcat-embed-core-10.1.20.jar:10.1.20]
	at org.apache.catalina.core.ApplicationFilterChain.doFilter(ApplicationFilterChain.java:150) ~[tomcat-embed-core-10.1.20.jar:10.1.20]
	at org.springframework.web.filter.FormContentFilter.doFilterInternal(FormContentFilter.java:93) ~[spring-web-6.1.6.jar:6.1.6]
	at org.springframework.web.filter.OncePerRequestFilter.doFilter(OncePerRequestFilter.java:116) ~[spring-web-6.1.6.jar:6.1.6]
	at org.apache.catalina.core.ApplicationFilterChain.internalDoFilter(ApplicationFilterChain.java:175) ~[tomcat-embed-core-10.1.20.jar:10.1.20]
	at org.apache.catalina.core.ApplicationFilterChain.doFilter(ApplicationFilterChain.java:150) ~[tomcat-embed-core-10.1.20.jar:10.1.20]
	at org.springframework.web.filter.CharacterEncodingFilter.doFilterInternal(CharacterEncodingFilter.java:201) ~[spring-web-6.1.6.jar:6.1.6]
	at org.springframework.web.filter.OncePerRequestFilter.doFilter(OncePerRequestFilter.java:116) ~[spring-web-6.1.6.jar:6.1.6]
	at org.apache.catalina.core.ApplicationFilterChain.internalDoFilter(ApplicationFilterChain.java:175) ~[tomcat-embed-core-10.1.20.jar:10.1.20]
	at org.apache.catalina.core.ApplicationFilterChain.doFilter(ApplicationFilterChain.java:150) ~[tomcat-embed-core-10.1.20.jar:10.1.20]
	at org.apache.catalina.core.StandardWrapperValve.invoke(StandardWrapperValve.java:167) ~[tomcat-embed-core-10.1.20.jar:10.1.20]
	at org.apache.catalina.core.StandardContextValve.invoke(StandardContextValve.java:90) ~[tomcat-embed-core-10.1.20.jar:10.1.20]
	at org.apache.catalina.authenticator.AuthenticatorBase.invoke(AuthenticatorBase.java:482) ~[tomcat-embed-core-10.1.20.jar:10.1.20]
	at org.apache.catalina.core.StandardHostValve.invoke(StandardHostValve.java:115) ~[tomcat-embed-core-10.1.20.jar:10.1.20]
	at org.apache.catalina.valves.ErrorReportValve.invoke(ErrorReportValve.java:93) ~[tomcat-embed-core-10.1.20.jar:10.1.20]
	at org.apache.catalina.core.StandardEngineValve.invoke(StandardEngineValve.java:74) ~[tomcat-embed-core-10.1.20.jar:10.1.20]
	at org.apache.catalina.valves.RemoteIpValve.invoke(RemoteIpValve.java:731) ~[tomcat-embed-core-10.1.20.jar:10.1.20]
	at org.apache.catalina.connector.CoyoteAdapter.service(CoyoteAdapter.java:344) ~[tomcat-embed-core-10.1.20.jar:10.1.20]
	at org.apache.coyote.http11.Http11Processor.service(Http11Processor.java:391) ~[tomcat-embed-core-10.1.20.jar:10.1.20]
	at org.apache.coyote.AbstractProcessorLight.process(AbstractProcessorLight.java:63) ~[tomcat-embed-core-10.1.20.jar:10.1.20]
	at org.apache.coyote.AbstractProtocol$ConnectionHandler.process(AbstractProtocol.java:896) ~[tomcat-embed-core-10.1.20.jar:10.1.20]
	at org.apache.tomcat.util.net.NioEndpoint$SocketProcessor.doRun(NioEndpoint.java:1736) ~[tomcat-embed-core-10.1.20.jar:10.1.20]
	at org.apache.tomcat.util.net.SocketProcessorBase.run(SocketProcessorBase.java:52) ~[tomcat-embed-core-10.1.20.jar:10.1.20]
	at org.apache.tomcat.util.threads.ThreadPoolExecutor.runWorker(ThreadPoolExecutor.java:1191) ~[tomcat-embed-core-10.1.20.jar:10.1.20]
	at org.apache.tomcat.util.threads.ThreadPoolExecutor$Worker.run(ThreadPoolExecutor.java:659) ~[tomcat-embed-core-10.1.20.jar:10.1.20]
	at org.apache.tomcat.util.threads.TaskThread$WrappingRunnable.run(TaskThread.java:63) ~[tomcat-embed-core-10.1.20.jar:10.1.20]
	at java.base/java.lang.Thread.run(Thread.java:833) ~[na:na]

2025-02-16T20:49:48.596+01:00  INFO 17440 --- [AtmLoggerSpringBootSSO] [File Watcher] rtingClassPathChangeChangedEventListener : Restarting due to 1 class path change (0 additions, 0 deletions, 1 modification)
2025-02-16T20:49:48.628+01:00  INFO 17440 --- [AtmLoggerSpringBootSSO] [Thread-71] j.LocalContainerEntityManagerFactoryBean : Closing JPA EntityManagerFactory for persistence unit 'default'
2025-02-16T20:49:48.631+01:00  INFO 17440 --- [AtmLoggerSpringBootSSO] [Thread-71] com.zaxxer.hikari.HikariDataSource       : HikariPool-18 - Shutdown initiated...
2025-02-16T20:49:48.637+01:00  INFO 17440 --- [AtmLoggerSpringBootSSO] [Thread-71] com.zaxxer.hikari.HikariDataSource       : HikariPool-18 - Shutdown completed.
2025-02-16T20:49:48.921+01:00  INFO 17440 --- [AtmLoggerSpringBootSSO] [restartedMain] c.i.app.AtmIssueLoggerApplication        : Starting AtmIssueLoggerApplication using Java 17.0.5 with PID 17440 (C:\Users\Ikenna Shonowo\Documents\Projects\SpringBoot\AtmLoggerSpringBootSSO\target\classes started by Ikenna Shonowo in C:\Users\Ikenna Shonowo\Documents\Projects\SpringBoot\AtmLoggerSpringBootSSO)
2025-02-16T20:49:48.921+01:00  INFO 17440 --- [AtmLoggerSpringBootSSO] [restartedMain] c.i.app.AtmIssueLoggerApplication        : No active profile set, falling back to 1 default profile: "default"
2025-02-16T20:49:49.209+01:00  INFO 17440 --- [AtmLoggerSpringBootSSO] [restartedMain] .s.d.r.c.RepositoryConfigurationDelegate : Bootstrapping Spring Data JPA repositories in DEFAULT mode.
2025-02-16T20:49:49.222+01:00  INFO 17440 --- [AtmLoggerSpringBootSSO] [restartedMain] .s.d.r.c.RepositoryConfigurationDelegate : Finished Spring Data repository scanning in 13 ms. Found 9 JPA repository interfaces.
2025-02-16T20:49:49.289+01:00  INFO 17440 --- [AtmLoggerSpringBootSSO] [restartedMain] o.s.b.w.embedded.tomcat.TomcatWebServer  : Tomcat initialized with port 9442 (http)
2025-02-16T20:49:49.289+01:00  INFO 17440 --- [AtmLoggerSpringBootSSO] [restartedMain] o.apache.catalina.core.StandardService   : Starting service [Tomcat]
2025-02-16T20:49:49.289+01:00  INFO 17440 --- [AtmLoggerSpringBootSSO] [restartedMain] o.apache.catalina.core.StandardEngine    : Starting Servlet engine: [Apache Tomcat/10.1.20]
2025-02-16T20:49:49.305+01:00  INFO 17440 --- [AtmLoggerSpringBootSSO] [restartedMain] o.a.c.c.C.[Tomcat].[localhost].[/]       : Initializing Spring embedded WebApplicationContext
2025-02-16T20:49:49.305+01:00  INFO 17440 --- [AtmLoggerSpringBootSSO] [restartedMain] w.s.c.ServletWebServerApplicationContext : Root WebApplicationContext: initialization completed in 383 ms
2025-02-16T20:49:49.323+01:00  INFO 17440 --- [AtmLoggerSpringBootSSO] [restartedMain] com.zaxxer.hikari.HikariDataSource       : HikariPool-19 - Starting...
2025-02-16T20:49:49.363+01:00  INFO 17440 --- [AtmLoggerSpringBootSSO] [restartedMain] com.zaxxer.hikari.pool.HikariPool        : HikariPool-19 - Added connection ConnectionID:510 ClientConnectionId: ff082450-8dd3-494c-9b35-535f8c870bac
2025-02-16T20:49:49.363+01:00  INFO 17440 --- [AtmLoggerSpringBootSSO] [restartedMain] com.zaxxer.hikari.HikariDataSource       : HikariPool-19 - Start completed.
2025-02-16T20:49:49.373+01:00  INFO 17440 --- [AtmLoggerSpringBootSSO] [restartedMain] o.hibernate.jpa.internal.util.LogHelper  : HHH000204: Processing PersistenceUnitInfo [name: default]
2025-02-16T20:49:49.375+01:00  INFO 17440 --- [AtmLoggerSpringBootSSO] [restartedMain] o.h.c.internal.RegionFactoryInitiator    : HHH000026: Second-level cache disabled
2025-02-16T20:49:49.378+01:00  INFO 17440 --- [AtmLoggerSpringBootSSO] [restartedMain] o.s.o.j.p.SpringPersistenceUnitInfo      : No LoadTimeWeaver setup: ignoring JPA class transformer
2025-02-16T20:49:49.379+01:00  WARN 17440 --- [AtmLoggerSpringBootSSO] [restartedMain] org.hibernate.orm.deprecation            : HHH90000025: SQLServerDialect does not need to be specified explicitly using 'hibernate.dialect' (remove the property setting and it will be selected by default)
2025-02-16T20:49:49.436+01:00  INFO 17440 --- [AtmLoggerSpringBootSSO] [restartedMain] o.h.e.t.j.p.i.JtaPlatformInitiator       : HHH000489: No JTA platform available (set 'hibernate.transaction.jta.platform' to enable JTA platform integration)
2025-02-16T20:49:51.559+01:00  INFO 17440 --- [AtmLoggerSpringBootSSO] [restartedMain] j.LocalContainerEntityManagerFactoryBean : Initialized JPA EntityManagerFactory for persistence unit 'default'
2025-02-16T20:49:51.647+01:00  WARN 17440 --- [AtmLoggerSpringBootSSO] [restartedMain] JpaBaseConfiguration$JpaWebConfiguration : spring.jpa.open-in-view is enabled by default. Therefore, database queries may be performed during view rendering. Explicitly configure spring.jpa.open-in-view to disable this warning
2025-02-16T20:49:51.652+01:00  WARN 17440 --- [AtmLoggerSpringBootSSO] [restartedMain] .s.s.UserDetailsServiceAutoConfiguration : 

Using generated security password: 637a7f09-c50b-4b88-bad0-21f2dbefc6d5

This generated password is for development use only. Your security configuration must be updated before running your application in production.

2025-02-16T20:49:51.694+01:00  INFO 17440 --- [AtmLoggerSpringBootSSO] [restartedMain] o.s.s.web.DefaultSecurityFilterChain     : Will secure any request with [org.springframework.security.web.session.DisableEncodeUrlFilter@43398490, org.springframework.security.web.context.request.async.WebAsyncManagerIntegrationFilter@6365be69, org.springframework.security.web.context.SecurityContextHolderFilter@1adae8db, org.springframework.security.web.header.HeaderWriterFilter@89d3ba7, org.springframework.web.filter.CorsFilter@3f9b852e, org.springframework.security.web.authentication.logout.LogoutFilter@9aef2b5, org.springframework.security.web.authentication.www.BasicAuthenticationFilter@3dfce2c0, org.springframework.security.web.savedrequest.RequestCacheAwareFilter@216fd202, org.springframework.security.web.servletapi.SecurityContextHolderAwareRequestFilter@255e01ce, org.springframework.security.web.authentication.AnonymousAuthenticationFilter@65ab9aff, org.springframework.security.web.access.ExceptionTranslationFilter@f617a83, org.springframework.security.web.access.intercept.AuthorizationFilter@30be53e]
2025-02-16T20:49:51.725+01:00  INFO 17440 --- [AtmLoggerSpringBootSSO] [restartedMain] o.s.b.d.a.OptionalLiveReloadServer       : LiveReload server is running on port 35729
2025-02-16T20:49:51.734+01:00  INFO 17440 --- [AtmLoggerSpringBootSSO] [restartedMain] o.s.b.w.embedded.tomcat.TomcatWebServer  : Tomcat started on port 9442 (http) with context path ''
2025-02-16T20:49:51.739+01:00  INFO 17440 --- [AtmLoggerSpringBootSSO] [restartedMain] c.i.app.AtmIssueLoggerApplication        : Started AtmIssueLoggerApplication in 2.907 seconds (process running for 777475.939)
2025-02-16T20:49:51.740+01:00  INFO 17440 --- [AtmLoggerSpringBootSSO] [restartedMain] .ConditionEvaluationDeltaLoggingListener : Condition evaluation unchanged
2025-02-16T20:50:23.949+01:00  INFO 17440 --- [AtmLoggerSpringBootSSO] [File Watcher] rtingClassPathChangeChangedEventListener : Restarting due to 1 class path change (0 additions, 0 deletions, 1 modification)
2025-02-16T20:50:23.970+01:00  INFO 17440 --- [AtmLoggerSpringBootSSO] [Thread-75] j.LocalContainerEntityManagerFactoryBean : Closing JPA EntityManagerFactory for persistence unit 'default'
2025-02-16T20:50:23.971+01:00  INFO 17440 --- [AtmLoggerSpringBootSSO] [Thread-75] com.zaxxer.hikari.HikariDataSource       : HikariPool-19 - Shutdown initiated...
2025-02-16T20:50:23.975+01:00  INFO 17440 --- [AtmLoggerSpringBootSSO] [Thread-75] com.zaxxer.hikari.HikariDataSource       : HikariPool-19 - Shutdown completed.
2025-02-16T20:50:24.091+01:00  INFO 17440 --- [AtmLoggerSpringBootSSO] [restartedMain] c.i.app.AtmIssueLoggerApplication        : Starting AtmIssueLoggerApplication using Java 17.0.5 with PID 17440 (C:\Users\Ikenna Shonowo\Documents\Projects\SpringBoot\AtmLoggerSpringBootSSO\target\classes started by Ikenna Shonowo in C:\Users\Ikenna Shonowo\Documents\Projects\SpringBoot\AtmLoggerSpringBootSSO)
2025-02-16T20:50:24.091+01:00  INFO 17440 --- [AtmLoggerSpringBootSSO] [restartedMain] c.i.app.AtmIssueLoggerApplication        : No active profile set, falling back to 1 default profile: "default"
2025-02-16T20:50:24.227+01:00  INFO 17440 --- [AtmLoggerSpringBootSSO] [restartedMain] .s.d.r.c.RepositoryConfigurationDelegate : Bootstrapping Spring Data JPA repositories in DEFAULT mode.
2025-02-16T20:50:24.239+01:00  INFO 17440 --- [AtmLoggerSpringBootSSO] [restartedMain] .s.d.r.c.RepositoryConfigurationDelegate : Finished Spring Data repository scanning in 11 ms. Found 9 JPA repository interfaces.
2025-02-16T20:50:24.294+01:00  INFO 17440 --- [AtmLoggerSpringBootSSO] [restartedMain] o.s.b.w.embedded.tomcat.TomcatWebServer  : Tomcat initialized with port 9442 (http)
2025-02-16T20:50:24.294+01:00  INFO 17440 --- [AtmLoggerSpringBootSSO] [restartedMain] o.apache.catalina.core.StandardService   : Starting service [Tomcat]
2025-02-16T20:50:24.294+01:00  INFO 17440 --- [AtmLoggerSpringBootSSO] [restartedMain] o.apache.catalina.core.StandardEngine    : Starting Servlet engine: [Apache Tomcat/10.1.20]
2025-02-16T20:50:24.304+01:00  INFO 17440 --- [AtmLoggerSpringBootSSO] [restartedMain] o.a.c.c.C.[Tomcat].[localhost].[/]       : Initializing Spring embedded WebApplicationContext
2025-02-16T20:50:24.304+01:00  INFO 17440 --- [AtmLoggerSpringBootSSO] [restartedMain] w.s.c.ServletWebServerApplicationContext : Root WebApplicationContext: initialization completed in 211 ms
2025-02-16T20:50:24.321+01:00  INFO 17440 --- [AtmLoggerSpringBootSSO] [restartedMain] com.zaxxer.hikari.HikariDataSource       : HikariPool-20 - Starting...
2025-02-16T20:50:24.355+01:00  INFO 17440 --- [AtmLoggerSpringBootSSO] [restartedMain] com.zaxxer.hikari.pool.HikariPool        : HikariPool-20 - Added connection ConnectionID:520 ClientConnectionId: 01b0b2f5-67c8-43f1-89b7-dcae54dc2c50
2025-02-16T20:50:24.355+01:00  INFO 17440 --- [AtmLoggerSpringBootSSO] [restartedMain] com.zaxxer.hikari.HikariDataSource       : HikariPool-20 - Start completed.
2025-02-16T20:50:24.364+01:00  INFO 17440 --- [AtmLoggerSpringBootSSO] [restartedMain] o.hibernate.jpa.internal.util.LogHelper  : HHH000204: Processing PersistenceUnitInfo [name: default]
2025-02-16T20:50:24.366+01:00  INFO 17440 --- [AtmLoggerSpringBootSSO] [restartedMain] o.h.c.internal.RegionFactoryInitiator    : HHH000026: Second-level cache disabled
2025-02-16T20:50:24.369+01:00  INFO 17440 --- [AtmLoggerSpringBootSSO] [restartedMain] o.s.o.j.p.SpringPersistenceUnitInfo      : No LoadTimeWeaver setup: ignoring JPA class transformer
2025-02-16T20:50:24.370+01:00  WARN 17440 --- [AtmLoggerSpringBootSSO] [restartedMain] org.hibernate.orm.deprecation            : HHH90000025: SQLServerDialect does not need to be specified explicitly using 'hibernate.dialect' (remove the property setting and it will be selected by default)
2025-02-16T20:50:24.442+01:00  INFO 17440 --- [AtmLoggerSpringBootSSO] [restartedMain] o.h.e.t.j.p.i.JtaPlatformInitiator       : HHH000489: No JTA platform available (set 'hibernate.transaction.jta.platform' to enable JTA platform integration)
2025-02-16T20:50:35.198+01:00  INFO 17440 --- [AtmLoggerSpringBootSSO] [restartedMain] j.LocalContainerEntityManagerFactoryBean : Initialized JPA EntityManagerFactory for persistence unit 'default'
2025-02-16T20:50:35.283+01:00  WARN 17440 --- [AtmLoggerSpringBootSSO] [restartedMain] JpaBaseConfiguration$JpaWebConfiguration : spring.jpa.open-in-view is enabled by default. Therefore, database queries may be performed during view rendering. Explicitly configure spring.jpa.open-in-view to disable this warning
2025-02-16T20:50:35.286+01:00  WARN 17440 --- [AtmLoggerSpringBootSSO] [restartedMain] .s.s.UserDetailsServiceAutoConfiguration : 

Using generated security password: f92cc3a5-7c57-4f9e-9da2-5d4245472b0b

This generated password is for development use only. Your security configuration must be updated before running your application in production.

2025-02-16T20:50:35.322+01:00  INFO 17440 --- [AtmLoggerSpringBootSSO] [restartedMain] o.s.s.web.DefaultSecurityFilterChain     : Will secure any request with [org.springframework.security.web.session.DisableEncodeUrlFilter@7e06ff25, org.springframework.security.web.context.request.async.WebAsyncManagerIntegrationFilter@3a1f9ff9, org.springframework.security.web.context.SecurityContextHolderFilter@59b6c64a, org.springframework.security.web.header.HeaderWriterFilter@410d5730, org.springframework.web.filter.CorsFilter@1e669764, org.springframework.security.web.authentication.logout.LogoutFilter@6e28d699, org.springframework.security.web.authentication.www.BasicAuthenticationFilter@56b26774, org.springframework.security.web.savedrequest.RequestCacheAwareFilter@504719e3, org.springframework.security.web.servletapi.SecurityContextHolderAwareRequestFilter@2adcb2c1, org.springframework.security.web.authentication.AnonymousAuthenticationFilter@5baaca1b, org.springframework.security.web.access.ExceptionTranslationFilter@6ee2807a, org.springframework.security.web.access.intercept.AuthorizationFilter@494db20c]
2025-02-16T20:50:35.359+01:00  INFO 17440 --- [AtmLoggerSpringBootSSO] [restartedMain] o.s.b.d.a.OptionalLiveReloadServer       : LiveReload server is running on port 35729
2025-02-16T20:50:35.372+01:00  INFO 17440 --- [AtmLoggerSpringBootSSO] [restartedMain] o.s.b.w.embedded.tomcat.TomcatWebServer  : Tomcat started on port 9442 (http) with context path ''
2025-02-16T20:50:35.376+01:00  INFO 17440 --- [AtmLoggerSpringBootSSO] [restartedMain] c.i.app.AtmIssueLoggerApplication        : Started AtmIssueLoggerApplication in 11.31 seconds (process running for 777519.576)
2025-02-16T20:50:35.377+01:00  INFO 17440 --- [AtmLoggerSpringBootSSO] [restartedMain] .ConditionEvaluationDeltaLoggingListener : Condition evaluation unchanged
2025-02-16T20:50:51.808+01:00  INFO 17440 --- [AtmLoggerSpringBootSSO] [http-nio-9442-exec-2] o.a.c.c.C.[Tomcat].[localhost].[/]       : Initializing Spring DispatcherServlet 'dispatcherServlet'
2025-02-16T20:50:51.808+01:00  INFO 17440 --- [AtmLoggerSpringBootSSO] [http-nio-9442-exec-2] o.s.web.servlet.DispatcherServlet        : Initializing Servlet 'dispatcherServlet'
2025-02-16T20:50:51.811+01:00  INFO 17440 --- [AtmLoggerSpringBootSSO] [http-nio-9442-exec-2] o.s.web.servlet.DispatcherServlet        : Completed initialization in 3 ms
